TN:
SF:server.js
FN:15,(anonymous_0)
FN:18,(anonymous_1)
FN:35,(anonymous_2)
FN:66,(anonymous_3)
FN:72,(anonymous_4)
FN:90,(anonymous_5)
FN:119,(anonymous_6)
FN:122,(anonymous_7)
FN:123,(anonymous_8)
FN:138,generateGameId
FN:143,(anonymous_10)
FNF:11
FNH:0
FNDA:0,(anonymous_0)
FNDA:0,(anonymous_1)
FNDA:0,(anonymous_2)
FNDA:0,(anonymous_3)
FNDA:0,(anonymous_4)
FNDA:0,(anonymous_5)
FNDA:0,(anonymous_6)
FNDA:0,(anonymous_7)
FNDA:0,(anonymous_8)
FNDA:0,generateGameId
FNDA:0,(anonymous_10)
DA:1,0
DA:2,0
DA:3,0
DA:4,0
DA:5,0
DA:6,0
DA:7,0
DA:9,0
DA:12,0
DA:15,0
DA:16,0
DA:18,0
DA:19,0
DA:20,0
DA:21,0
DA:22,0
DA:24,0
DA:25,0
DA:32,0
DA:35,0
DA:36,0
DA:38,0
DA:39,0
DA:40,0
DA:43,0
DA:44,0
DA:45,0
DA:48,0
DA:49,0
DA:51,0
DA:58,0
DA:59,0
DA:66,0
DA:67,0
DA:68,0
DA:72,0
DA:73,0
DA:74,0
DA:75,0
DA:78,0
DA:85,0
DA:87,0
DA:90,0
DA:91,0
DA:93,0
DA:94,0
DA:95,0
DA:98,0
DA:100,0
DA:101,0
DA:111,0
DA:112,0
DA:115,0
DA:119,0
DA:120,0
DA:122,0
DA:123,0
DA:124,0
DA:127,0
DA:128,0
DA:131,0
DA:132,0
DA:139,0
DA:142,0
DA:143,0
DA:144,0
LF:66
LH:0
BRDA:38,0,0,0
BRDA:38,0,1,0
BRDA:43,1,0,0
BRDA:43,1,1,0
BRDA:67,2,0,0
BRDA:67,2,1,0
BRDA:73,3,0,0
BRDA:73,3,1,0
BRDA:93,4,0,0
BRDA:93,4,1,0
BRDA:100,5,0,0
BRDA:100,5,1,0
BRDA:111,6,0,0
BRDA:111,6,1,0
BRDA:123,7,0,0
BRDA:123,7,1,0
BRDA:127,8,0,0
BRDA:127,8,1,0
BRDA:142,9,0,0
BRDA:142,9,1,0
BRF:20
BRH:0
end_of_record
TN:
SF:src\game\ChessLogic.js
FN:2,(anonymous_0)
FN:11,(anonymous_1)
FN:33,(anonymous_2)
FN:43,(anonymous_3)
FN:57,(anonymous_4)
FN:89,(anonymous_5)
FN:94,(anonymous_6)
FN:100,(anonymous_7)
FN:105,(anonymous_8)
FN:109,(anonymous_9)
FN:123,(anonymous_10)
FN:163,(anonymous_11)
FN:178,(anonymous_12)
FN:238,(anonymous_13)
FN:250,(anonymous_14)
FN:256,(anonymous_15)
FN:276,(anonymous_16)
FN:301,(anonymous_17)
FN:308,(anonymous_18)
FNF:19
FNH:19
FNDA:40,(anonymous_0)
FNDA:2990,(anonymous_1)
FNDA:768,(anonymous_2)
FNDA:2238,(anonymous_3)
FNDA:969,(anonymous_4)
FNDA:1029,(anonymous_5)
FNDA:403,(anonymous_6)
FNDA:646,(anonymous_7)
FNDA:243,(anonymous_8)
FNDA:153,(anonymous_9)
FNDA:3,(anonymous_10)
FNDA:195,(anonymous_11)
FNDA:113,(anonymous_12)
FNDA:133,(anonymous_13)
FNDA:133,(anonymous_14)
FNDA:137,(anonymous_15)
FNDA:1592,(anonymous_16)
FNDA:773,(anonymous_17)
FNDA:19,(anonymous_18)
DA:3,40
DA:4,40
DA:5,40
DA:6,40
DA:7,40
DA:8,40
DA:13,2990
DA:14,49
DA:18,2941
DA:19,2941
DA:20,1452
DA:21,1452
DA:22,1452
DA:23,703
DA:28,2238
DA:29,2142
DA:33,768
DA:34,96
DA:36,96
DA:37,52
DA:40,44
DA:44,2238
DA:46,2238
DA:47,969
DA:48,583
DA:49,209
DA:50,210
DA:51,114
DA:52,153
DA:53,0
DA:58,969
DA:59,969
DA:60,969
DA:61,969
DA:64,969
DA:65,93
DA:66,69
DA:67,17
DA:71,928
DA:72,28
DA:75,27
DA:76,18
DA:77,18
DA:78,2
DA:79,2
DA:80,1
DA:86,926
DA:90,1029
DA:91,101
DA:95,403
DA:96,403
DA:97,403
DA:101,646
DA:102,94
DA:106,243
DA:110,153
DA:111,153
DA:113,153
DA:116,147
DA:117,3
DA:120,144
DA:124,3
DA:125,3
DA:127,3
DA:128,0
DA:131,3
DA:132,1
DA:135,2
DA:137,2
DA:138,2
DA:139,0
DA:142,2
DA:144,2
DA:147,0
DA:148,0
DA:149,0
DA:152,0
DA:153,0
DA:156,0
DA:160,0
DA:164,195
DA:165,195
DA:166,195
DA:167,195
DA:169,195
DA:170,211
DA:171,92
DA:172,92
DA:175,76
DA:179,113
DA:182,113
DA:183,8
DA:184,8
DA:185,2
DA:186,2
DA:188,2
DA:189,2
DA:190,2
DA:192,0
DA:193,0
DA:196,2
DA:197,0
DA:199,2
DA:202,6
DA:203,2
DA:207,111
DA:208,54
DA:209,54
DA:210,1
DA:211,1
DA:215,54
DA:216,54
DA:217,0
DA:218,0
DA:219,0
DA:224,111
DA:225,1
DA:226,1
DA:228,111
DA:229,3
DA:230,3
DA:234,111
DA:235,111
DA:239,133
DA:240,133
DA:241,579
DA:242,4227
DA:243,133
DA:247,0
DA:251,133
DA:252,133
DA:253,133
DA:257,137
DA:259,137
DA:260,830
DA:261,6565
DA:262,6565
DA:264,3159
DA:265,3159
DA:267,1592
DA:268,56
DA:273,81
DA:277,1592
DA:278,1592
DA:279,1592
DA:281,1592
DA:283,773
DA:285,194
DA:287,195
DA:289,203
DA:291,129
DA:293,98
DA:294,98
DA:295,98
DA:298,0
DA:302,773
DA:303,773
DA:304,773
DA:305,773
DA:309,19
DA:311,19
DA:312,74
DA:313,507
DA:314,507
DA:316,204
DA:317,204
DA:319,57
DA:320,381
DA:321,2958
DA:330,2958
DA:331,17
DA:338,2
DA:342,3
LF:173
LH:155
BRDA:13,0,0,49
BRDA:13,0,1,2941
BRDA:13,1,0,2990
BRDA:13,1,1,389
BRDA:19,2,0,1452
BRDA:19,2,1,1489
BRDA:22,3,0,703
BRDA:22,3,1,749
BRDA:28,4,0,2142
BRDA:28,4,1,96
BRDA:36,5,0,52
BRDA:36,5,1,44
BRDA:46,6,0,969
BRDA:46,6,1,583
BRDA:46,6,2,209
BRDA:46,6,3,210
BRDA:46,6,4,114
BRDA:46,6,5,153
BRDA:46,6,6,0
BRDA:58,7,0,622
BRDA:58,7,1,347
BRDA:59,8,0,622
BRDA:59,8,1,347
BRDA:64,9,0,93
BRDA:64,9,1,876
BRDA:64,10,0,969
BRDA:64,10,1,136
BRDA:65,11,0,24
BRDA:65,11,1,69
BRDA:66,12,0,17
BRDA:66,12,1,52
BRDA:66,13,0,69
BRDA:66,13,1,49
BRDA:66,13,2,18
BRDA:71,14,0,28
BRDA:71,14,1,900
BRDA:71,15,0,928
BRDA:71,15,1,206
BRDA:72,16,0,1
BRDA:72,16,1,27
BRDA:75,17,0,18
BRDA:75,17,1,9
BRDA:75,18,0,27
BRDA:75,18,1,27
BRDA:77,19,0,2
BRDA:77,19,1,16
BRDA:77,20,0,18
BRDA:77,20,1,15
BRDA:78,21,0,2
BRDA:78,21,1,0
BRDA:79,22,0,1
BRDA:79,22,1,1
BRDA:79,23,0,2
BRDA:79,23,1,1
BRDA:90,24,0,928
BRDA:90,24,1,101
BRDA:90,25,0,1029
BRDA:90,25,1,1018
BRDA:97,26,0,403
BRDA:97,26,1,47
BRDA:97,26,2,382
BRDA:97,26,3,24
BRDA:101,27,0,552
BRDA:101,27,1,94
BRDA:106,28,0,243
BRDA:106,28,1,241
BRDA:113,29,0,6
BRDA:113,29,1,147
BRDA:113,30,0,153
BRDA:113,30,1,14
BRDA:116,31,0,3
BRDA:116,31,1,144
BRDA:116,32,0,147
BRDA:116,32,1,4
BRDA:125,33,0,2
BRDA:125,33,1,1
BRDA:127,34,0,0
BRDA:127,34,1,3
BRDA:127,35,0,3
BRDA:127,35,1,2
BRDA:127,35,2,3
BRDA:127,35,3,1
BRDA:131,36,0,1
BRDA:131,36,1,2
BRDA:131,37,0,2
BRDA:131,37,1,1
BRDA:137,38,0,2
BRDA:137,38,1,0
BRDA:138,39,0,0
BRDA:138,39,1,2
BRDA:138,40,0,2
BRDA:138,40,1,2
BRDA:138,40,2,2
BRDA:138,40,3,0
BRDA:142,41,0,0
BRDA:142,41,1,2
BRDA:142,42,0,2
BRDA:142,42,1,2
BRDA:144,43,0,2
BRDA:144,43,1,2
BRDA:144,44,0,2
BRDA:144,44,1,0
BRDA:145,45,0,2
BRDA:145,45,1,0
BRDA:147,46,0,0
BRDA:147,46,1,0
BRDA:148,47,0,0
BRDA:148,47,1,0
BRDA:148,48,0,0
BRDA:148,48,1,0
BRDA:148,48,2,0
BRDA:148,48,3,0
BRDA:152,49,0,0
BRDA:152,49,1,0
BRDA:152,50,0,0
BRDA:152,50,1,0
BRDA:152,50,2,0
BRDA:156,51,0,0
BRDA:156,51,1,0
BRDA:156,52,0,0
BRDA:156,52,1,0
BRDA:157,53,0,0
BRDA:157,53,1,0
BRDA:169,54,0,287
BRDA:169,54,1,91
BRDA:170,55,0,119
BRDA:170,55,1,92
BRDA:182,56,0,8
BRDA:182,56,1,105
BRDA:184,57,0,2
BRDA:184,57,1,6
BRDA:188,58,0,2
BRDA:188,58,1,0
BRDA:196,59,0,2
BRDA:196,59,1,0
BRDA:202,60,0,4
BRDA:202,60,1,2
BRDA:207,61,0,54
BRDA:207,61,1,57
BRDA:209,62,0,1
BRDA:209,62,1,53
BRDA:209,63,0,54
BRDA:209,63,1,2
BRDA:210,64,0,1
BRDA:210,64,1,0
BRDA:215,65,0,36
BRDA:215,65,1,18
BRDA:216,66,0,0
BRDA:216,66,1,54
BRDA:217,67,0,0
BRDA:217,67,1,0
BRDA:224,68,0,1
BRDA:224,68,1,110
BRDA:224,69,0,111
BRDA:224,69,1,2
BRDA:225,70,0,1
BRDA:225,70,1,0
BRDA:226,71,0,0
BRDA:226,71,1,1
BRDA:228,72,0,3
BRDA:228,72,1,108
BRDA:228,73,0,111
BRDA:228,73,1,3
BRDA:229,74,0,2
BRDA:229,74,1,1
BRDA:230,75,0,1
BRDA:230,75,1,2
BRDA:239,76,0,67
BRDA:239,76,1,66
BRDA:242,77,0,133
BRDA:242,77,1,4094
BRDA:252,78,0,0
BRDA:252,78,1,133
BRDA:262,79,0,3406
BRDA:262,79,1,3159
BRDA:265,80,0,1567
BRDA:265,80,1,1592
BRDA:267,81,0,56
BRDA:267,81,1,1536
BRDA:281,82,0,773
BRDA:281,82,1,194
BRDA:281,82,2,195
BRDA:281,82,3,203
BRDA:281,82,4,129
BRDA:281,82,5,98
BRDA:295,83,0,98
BRDA:295,83,1,0
BRDA:302,84,0,272
BRDA:302,84,1,501
BRDA:305,85,0,773
BRDA:305,85,1,191
BRDA:314,86,0,303
BRDA:314,86,1,204
BRDA:317,87,0,147
BRDA:317,87,1,57
BRDA:330,88,0,17
BRDA:330,88,1,2941
BRF:197
BRH:159
end_of_record
TN:
SF:src\game\Clock.js
FN:2,(anonymous_0)
FN:11,(anonymous_1)
FN:16,(anonymous_2)
FN:37,(anonymous_3)
FN:44,(anonymous_4)
FN:61,(anonymous_5)
FN:65,(anonymous_6)
FN:69,(anonymous_7)
FN:73,(anonymous_8)
FN:78,(anonymous_9)
FNF:10
FNH:9
FNDA:38,(anonymous_0)
FNDA:10,(anonymous_1)
FNDA:11,(anonymous_2)
FNDA:44,(anonymous_3)
FNDA:23,(anonymous_4)
FNDA:31,(anonymous_5)
FNDA:24,(anonymous_6)
FNDA:5,(anonymous_7)
FNDA:0,(anonymous_8)
FNDA:8,(anonymous_9)
DA:3,38
DA:4,38
DA:5,38
DA:6,38
DA:7,38
DA:8,38
DA:12,10
DA:14,9
DA:16,9
DA:17,11
DA:19,11
DA:20,11
DA:21,11
DA:22,3
DA:23,3
DA:24,3
DA:27,0
DA:28,0
DA:29,0
DA:30,0
DA:31,0
DA:38,44
DA:39,9
DA:40,9
DA:45,23
DA:46,15
DA:48,15
DA:49,7
DA:50,7
DA:52,8
DA:53,8
DA:57,23
DA:58,23
DA:62,31
DA:66,24
DA:70,5
DA:74,0
DA:79,8
DA:80,6
DA:82,2
DA:87,3
LF:41
LH:35
BRDA:12,0,0,1
BRDA:12,0,1,9
BRDA:19,1,0,11
BRDA:19,1,1,0
BRDA:21,2,0,3
BRDA:21,2,1,8
BRDA:24,3,0,3
BRDA:24,3,1,0
BRDA:28,4,0,0
BRDA:28,4,1,0
BRDA:31,5,0,0
BRDA:31,5,1,0
BRDA:38,6,0,9
BRDA:38,6,1,35
BRDA:45,7,0,15
BRDA:45,7,1,8
BRDA:48,8,0,7
BRDA:48,8,1,8
BRDA:58,9,0,15
BRDA:58,9,1,8
BRDA:79,10,0,6
BRDA:79,10,1,2
BRF:22
BRH:16
end_of_record
TN:
SF:src\game\Game.js
FN:5,(anonymous_0)
FN:19,(anonymous_1)
FN:32,(anonymous_2)
FN:36,(anonymous_3)
FN:40,(anonymous_4)
FN:41,(anonymous_5)
FN:45,(anonymous_6)
FN:119,(anonymous_7)
FN:120,(anonymous_8)
FN:126,(anonymous_9)
FN:130,(anonymous_10)
FN:136,(anonymous_11)
FNF:12
FNH:12
FNDA:21,(anonymous_0)
FNDA:21,(anonymous_1)
FNDA:37,(anonymous_2)
FNDA:1,(anonymous_3)
FNDA:23,(anonymous_4)
FNDA:33,(anonymous_5)
FNDA:21,(anonymous_6)
FNDA:2,(anonymous_7)
FNDA:1,(anonymous_8)
FNDA:17,(anonymous_9)
FNDA:4,(anonymous_10)
FNDA:1,(anonymous_11)
DA:1,2
DA:2,2
DA:6,21
DA:7,21
DA:8,21
DA:9,21
DA:10,21
DA:11,21
DA:12,21
DA:13,21
DA:14,21
DA:15,21
DA:16,21
DA:20,21
DA:33,37
DA:37,1
DA:41,33
DA:42,23
DA:46,21
DA:47,1
DA:50,20
DA:51,20
DA:52,1
DA:55,19
DA:56,19
DA:57,1
DA:60,18
DA:61,18
DA:62,1
DA:66,17
DA:75,17
DA:76,0
DA:80,17
DA:83,17
DA:86,17
DA:89,17
DA:90,17
DA:91,17
DA:93,17
DA:94,17
DA:95,2
DA:96,2
DA:97,2
DA:99,0
DA:100,0
DA:105,17
DA:106,17
DA:108,17
DA:120,2
DA:121,1
DA:122,1
DA:127,17
DA:131,4
DA:132,4
DA:133,4
DA:137,1
DA:148,2
LF:57
LH:54
BRDA:42,0,0,22
BRDA:42,0,1,1
BRDA:45,1,0,21
BRDA:46,2,0,1
BRDA:46,2,1,20
BRDA:51,3,0,1
BRDA:51,3,1,19
BRDA:56,4,0,1
BRDA:56,4,1,18
BRDA:61,5,0,1
BRDA:61,5,1,17
BRDA:61,6,0,18
BRDA:61,6,1,10
BRDA:61,6,2,18
BRDA:61,6,3,8
BRDA:75,7,0,0
BRDA:75,7,1,17
BRDA:86,8,0,10
BRDA:86,8,1,7
BRDA:94,9,0,2
BRDA:94,9,1,15
BRDA:95,10,0,2
BRDA:95,10,1,0
BRDA:114,11,0,17
BRDA:114,11,1,15
BRDA:121,12,0,1
BRDA:121,12,1,0
BRDA:122,13,0,1
BRDA:122,13,1,0
BRF:29
BRH:25
end_of_record
